Inspection path planner version 1.0.0
Scenario:
Number of facets:	130
Number of obstacles:	0
Space center:		(0, 0, 12)
Space size:		(100, 100, 300)
Starting point:		(25, 25, -55)
Final point:		(25, 25, -55)
Angle of incidence:	1.309rad
Range:			(10, 13)m
Number of iterations:	150
Linear speed:		0.5m/s
Yaw rate:		0.1rad/s
Field of view [h,v]:	[0.698132, 0.698132]rad
Camera pitch:		0.0872665rad


====================================
====== Starting Iteration   0 ======
====================================

====================================
====== Starting Iteration   1 ======
====================================

====================================
====== Starting Iteration   2 ======
====================================

====================================
====== Starting Iteration   3 ======
====================================

====================================
====== Starting Iteration   4 ======
====================================

====================================
====== Starting Iteration   5 ======
====================================

====================================
====== Starting Iteration   6 ======
====================================

====================================
====== Starting Iteration   7 ======
====================================

====================================
====== Starting Iteration   8 ======
====================================

====================================
====== Starting Iteration   9 ======
====================================

====================================
====== Starting Iteration  10 ======
====================================

====================================
====== Starting Iteration  11 ======
====================================

====================================
====== Starting Iteration  12 ======
====================================

====================================
====== Starting Iteration  13 ======
====================================

====================================
====== Starting Iteration  14 ======
====================================

====================================
====== Starting Iteration  15 ======
====================================

====================================
====== Starting Iteration  16 ======
====================================

====================================
====== Starting Iteration  17 ======
====================================

====================================
====== Starting Iteration  18 ======
====================================

====================================
====== Starting Iteration  19 ======
====================================

====================================
====== Starting Iteration  20 ======
====================================

====================================
====== Starting Iteration  21 ======
====================================

====================================
====== Starting Iteration  22 ======
====================================

====================================
====== Starting Iteration  23 ======
====================================

====================================
====== Starting Iteration  24 ======
====================================

====================================
====== Starting Iteration  25 ======
====================================

====================================
====== Starting Iteration  26 ======
====================================

====================================
====== Starting Iteration  27 ======
====================================

====================================
====== Starting Iteration  28 ======
====================================

====================================
====== Starting Iteration  29 ======
====================================

====================================
====== Starting Iteration  30 ======
====================================

====================================
====== Starting Iteration  31 ======
====================================

====================================
====== Starting Iteration  32 ======
====================================

====================================
====== Starting Iteration  33 ======
====================================

====================================
====== Starting Iteration  34 ======
====================================

====================================
====== Starting Iteration  35 ======
====================================

====================================
====== Starting Iteration  36 ======
====================================

====================================
====== Starting Iteration  37 ======
====================================

====================================
====== Starting Iteration  38 ======
====================================

====================================
====== Starting Iteration  39 ======
====================================

====================================
====== Starting Iteration  40 ======
====================================

====================================
====== Starting Iteration  41 ======
====================================

====================================
====== Starting Iteration  42 ======
====================================

====================================
====== Starting Iteration  43 ======
====================================

====================================
====== Starting Iteration  44 ======
====================================

====================================
====== Starting Iteration  45 ======
====================================

====================================
====== Starting Iteration  46 ======
====================================

====================================
====== Starting Iteration  47 ======
====================================

====================================
====== Starting Iteration  48 ======
====================================

====================================
====== Starting Iteration  49 ======
====================================

====================================
====== Starting Iteration  50 ======
====================================

====================================
====== Starting Iteration  51 ======
====================================

====================================
====== Starting Iteration  52 ======
====================================

====================================
====== Starting Iteration  53 ======
====================================

====================================
====== Starting Iteration  54 ======
====================================

====================================
====== Starting Iteration  55 ======
====================================

====================================
====== Starting Iteration  56 ======
====================================

====================================
====== Starting Iteration  57 ======
====================================

====================================
====== Starting Iteration  58 ======
====================================

====================================
====== Starting Iteration  59 ======
====================================

====================================
====== Starting Iteration  60 ======
====================================

====================================
====== Starting Iteration  61 ======
====================================

====================================
====== Starting Iteration  62 ======
====================================

====================================
====== Starting Iteration  63 ======
====================================

====================================
====== Starting Iteration  64 ======
====================================

====================================
====== Starting Iteration  65 ======
====================================

====================================
====== Starting Iteration  66 ======
====================================

====================================
====== Starting Iteration  67 ======
====================================

====================================
====== Starting Iteration  68 ======
====================================

====================================
====== Starting Iteration  69 ======
====================================

====================================
====== Starting Iteration  70 ======
====================================

====================================
====== Starting Iteration  71 ======
====================================

====================================
====== Starting Iteration  72 ======
====================================

====================================
====== Starting Iteration  73 ======
====================================

====================================
====== Starting Iteration  74 ======
====================================

====================================
====== Starting Iteration  75 ======
====================================

====================================
====== Starting Iteration  76 ======
====================================

====================================
====== Starting Iteration  77 ======
====================================

====================================
====== Starting Iteration  78 ======
====================================

====================================
====== Starting Iteration  79 ======
====================================

====================================
====== Starting Iteration  80 ======
====================================

====================================
====== Starting Iteration  81 ======
====================================

====================================
====== Starting Iteration  82 ======
====================================

====================================
====== Starting Iteration  83 ======
====================================

====================================
====== Starting Iteration  84 ======
====================================

====================================
====== Starting Iteration  85 ======
====================================

====================================
====== Starting Iteration  86 ======
====================================

====================================
====== Starting Iteration  87 ======
====================================

====================================
====== Starting Iteration  88 ======
====================================

====================================
====== Starting Iteration  89 ======
====================================

====================================
====== Starting Iteration  90 ======
====================================

====================================
====== Starting Iteration  91 ======
====================================

====================================
====== Starting Iteration  92 ======
====================================

====================================
====== Starting Iteration  93 ======
====================================

====================================
====== Starting Iteration  94 ======
====================================

====================================
====== Starting Iteration  95 ======
====================================

====================================
====== Starting Iteration  96 ======
====================================

====================================
====== Starting Iteration  97 ======
====================================

====================================
====== Starting Iteration  98 ======
====================================

====================================
====== Starting Iteration  99 ======
====================================

====================================
====== Starting Iteration  100 ======
====================================

====================================
====== Starting Iteration  101 ======
====================================

====================================
====== Starting Iteration  102 ======
====================================

====================================
====== Starting Iteration  103 ======
====================================

====================================
====== Starting Iteration  104 ======
====================================

====================================
====== Starting Iteration  105 ======
====================================

====================================
====== Starting Iteration  106 ======
====================================

====================================
====== Starting Iteration  107 ======
====================================

====================================
====== Starting Iteration  108 ======
====================================

====================================
====== Starting Iteration  109 ======
====================================

====================================
====== Starting Iteration  110 ======
====================================

====================================
====== Starting Iteration  111 ======
====================================

====================================
====== Starting Iteration  112 ======
====================================

====================================
====== Starting Iteration  113 ======
====================================

====================================
====== Starting Iteration  114 ======
====================================

====================================
====== Starting Iteration  115 ======
====================================

====================================
====== Starting Iteration  116 ======
====================================

====================================
====== Starting Iteration  117 ======
====================================

====================================
====== Starting Iteration  118 ======
====================================

====================================
====== Starting Iteration  119 ======
====================================

====================================
====== Starting Iteration  120 ======
====================================

====================================
====== Starting Iteration  121 ======
====================================

====================================
====== Starting Iteration  122 ======
====================================

====================================
====== Starting Iteration  123 ======
====================================

====================================
====== Starting Iteration  124 ======
====================================

====================================
====== Starting Iteration  125 ======
====================================

====================================
====== Starting Iteration  126 ======
====================================

====================================
====== Starting Iteration  127 ======
====================================

====================================
====== Starting Iteration  128 ======
====================================

====================================
====== Starting Iteration  129 ======
====================================

====================================
====== Starting Iteration  130 ======
====================================

====================================
====== Starting Iteration  131 ======
====================================

====================================
====== Starting Iteration  132 ======
====================================

====================================
====== Starting Iteration  133 ======
====================================

====================================
====== Starting Iteration  134 ======
====================================

====================================
====== Starting Iteration  135 ======
====================================

====================================
====== Starting Iteration  136 ======
====================================

====================================
====== Starting Iteration  137 ======
====================================

====================================
====== Starting Iteration  138 ======
====================================

====================================
====== Starting Iteration  139 ======
====================================

====================================
====== Starting Iteration  140 ======
====================================

====================================
====== Starting Iteration  141 ======
====================================

====================================
====== Starting Iteration  142 ======
====================================

====================================
====== Starting Iteration  143 ======
====================================

====================================
====== Starting Iteration  144 ======
====================================

====================================
====== Starting Iteration  145 ======
====================================

====================================
====== Starting Iteration  146 ======
====================================

====================================
====== Starting Iteration  147 ======
====================================

====================================
====== Starting Iteration  148 ======
====================================

====================================
====== Starting Iteration  149 ======
====================================
